TN:
SF:C:\Users\w.santos\Desktop\Prova\picpay-desafio-frontend\src\polyfills.ts
FNF:0
FNH:0
LF:0
LH:0
BRF:0
BRH:0
end_of_record
TN:
SF:C:\Users\w.santos\Desktop\Prova\picpay-desafio-frontend\src\test.ts
FNF:0
FNH:0
DA:13,1
DA:18,1
DA:20,1
LF:3
LH:3
BRF:0
BRH:0
end_of_record
TN:
SF:C:\Users\w.santos\Desktop\Prova\picpay-desafio-frontend\src\app\app.component.ts
FNF:0
FNH:0
DA:8,1
LF:1
LH:1
BRF:0
BRH:0
end_of_record
TN:
SF:C:\Users\w.santos\Desktop\Prova\picpay-desafio-frontend\src\app\modules\usuario\usuario.module.ts
FNF:0
FNH:0
DA:40,1
LF:1
LH:1
BRF:0
BRH:0
end_of_record
TN:
SF:C:\Users\w.santos\Desktop\Prova\picpay-desafio-frontend\src\app\modules\usuario\usuario.routes.ts
FNF:0
FNH:0
DA:4,1
LF:1
LH:1
BRF:0
BRH:0
end_of_record
TN:
SF:C:\Users\w.santos\Desktop\Prova\picpay-desafio-frontend\src\app\modules\usuario\components\usuario-listagem\usuario-listagem.component.ts
FN:4,(anonymous_0)
FN:14,(anonymous_1)
FNF:2
FNH:2
FNDA:10,(anonymous_0)
FNDA:1,(anonymous_1)
DA:9,1
DA:11,1
DA:12,10
DA:15,1
LF:4
LH:4
BRF:0
BRH:0
end_of_record
TN:
SF:C:\Users\w.santos\Desktop\Prova\picpay-desafio-frontend\src\app\modules\usuario\components\usuario-notificacao\usuario-notificacao.component.ts
FN:4,(anonymous_0)
FN:14,(anonymous_1)
FNF:2
FNH:2
FNDA:2,(anonymous_0)
FNDA:1,(anonymous_1)
DA:9,1
DA:11,1
DA:12,2
DA:15,1
LF:4
LH:4
BRF:0
BRH:0
end_of_record
TN:
SF:C:\Users\w.santos\Desktop\Prova\picpay-desafio-frontend\src\app\modules\usuario\components\usuario-pagamento\usuario-pagamento.component.ts
FN:8,(anonymous_0)
FN:28,(anonymous_1)
FN:32,(anonymous_2)
FN:36,(anonymous_3)
FN:40,(anonymous_4)
FNF:5
FNH:2
FNDA:2,(anonymous_0)
FNDA:1,(anonymous_1)
FNDA:0,(anonymous_2)
FNDA:0,(anonymous_3)
FNDA:0,(anonymous_4)
DA:13,1
DA:15,1
DA:17,1
DA:18,1
DA:19,1
DA:20,1
DA:21,1
DA:23,2
DA:24,2
DA:25,2
DA:26,2
DA:29,1
DA:33,0
DA:37,0
DA:41,0
LF:15
LH:12
BRF:0
BRH:0
end_of_record
TN:
SF:C:\Users\w.santos\Desktop\Prova\picpay-desafio-frontend\src\app\modules\usuario\containers\usuario\usuario.component.ts
FN:36,(anonymous_0)
FN:53,(anonymous_1)
FN:58,(anonymous_2)
FN:60,(anonymous_3)
FN:62,(anonymous_4)
FN:65,(anonymous_5)
FN:71,(anonymous_6)
FN:79,(anonymous_7)
FN:84,(anonymous_8)
FN:88,(anonymous_9)
FN:96,(anonymous_10)
FN:102,(anonymous_11)
FN:107,(anonymous_12)
FN:111,(anonymous_13)
FN:113,(anonymous_14)
FN:116,(anonymous_15)
FN:117,(anonymous_16)
FN:120,(anonymous_17)
FN:124,(anonymous_18)
FNF:19
FNH:15
FNDA:8,(anonymous_0)
FNDA:1,(anonymous_1)
FNDA:1,(anonymous_2)
FNDA:2,(anonymous_3)
FNDA:1,(anonymous_4)
FNDA:2,(anonymous_5)
FNDA:2,(anonymous_6)
FNDA:1,(anonymous_7)
FNDA:0,(anonymous_8)
FNDA:0,(anonymous_9)
FNDA:3,(anonymous_10)
FNDA:1,(anonymous_11)
FNDA:1,(anonymous_12)
FNDA:4,(anonymous_13)
FNDA:0,(anonymous_14)
FNDA:2,(anonymous_15)
FNDA:2,(anonymous_16)
FNDA:0,(anonymous_17)
FNDA:1,(anonymous_18)
DA:20,1
DA:22,8
DA:23,8
DA:26,8
DA:34,8
DA:37,8
DA:38,8
DA:39,8
DA:40,8
DA:41,8
DA:50,8
DA:54,1
DA:55,1
DA:59,1
DA:60,2
DA:62,1
DA:66,2
DA:67,2
DA:68,2
DA:72,2
DA:73,2
DA:80,1
DA:81,1
DA:83,0
DA:85,0
DA:86,0
DA:89,0
DA:97,3
DA:98,3
DA:99,3
DA:103,1
DA:104,1
DA:108,1
DA:112,4
DA:113,0
DA:117,2
DA:121,0
DA:125,1
LF:38
LH:32
BRDA:80,0,0,1
BRDA:80,0,1,0
BRDA:80,1,0,1
BRDA:80,1,1,0
BRDA:121,2,0,0
BRDA:121,2,1,0
BRF:6
BRH:2
end_of_record
TN:
SF:C:\Users\w.santos\Desktop\Prova\picpay-desafio-frontend\src\app\modules\usuario\models\pagamento.model.ts
FN:9,(anonymous_0)
FNF:1
FNH:1
FNDA:9,(anonymous_0)
DA:10,9
DA:11,9
DA:12,9
DA:13,9
DA:14,9
LF:5
LH:5
BRF:0
BRH:0
end_of_record
TN:
SF:C:\Users\w.santos\Desktop\Prova\picpay-desafio-frontend\src\app\modules\usuario\models\generico\generic-form-validation.ts
FN:4,(anonymous_0)
FN:6,(anonymous_1)
FN:19,(anonymous_2)
FNF:3
FNH:2
FNDA:8,(anonymous_0)
FNDA:1,(anonymous_1)
FNDA:0,(anonymous_2)
DA:4,8
DA:7,1
DA:8,1
DA:9,2
DA:10,2
DA:12,2
DA:13,0
DA:14,0
DA:16,2
DA:17,2
DA:18,2
DA:19,0
DA:20,0
DA:21,0
DA:29,1
LF:15
LH:10
BRDA:9,0,0,2
BRDA:9,0,1,0
BRDA:12,1,0,0
BRDA:12,1,1,2
BRDA:16,2,0,2
BRDA:16,2,1,0
BRDA:18,3,0,0
BRDA:18,3,1,2
BRDA:18,4,0,2
BRDA:18,4,1,2
BRDA:18,4,2,0
BRDA:20,5,0,0
BRDA:20,5,1,0
BRF:13
BRH:6
end_of_record
TN:
SF:C:\Users\w.santos\Desktop\Prova\picpay-desafio-frontend\src\app\modules\usuario\services\cartao.service.ts
FN:11,(anonymous_0)
FNF:1
FNH:1
FNDA:5,(anonymous_0)
DA:9,1
DA:12,5
LF:2
LH:2
BRF:0
BRH:0
end_of_record
TN:
SF:C:\Users\w.santos\Desktop\Prova\picpay-desafio-frontend\src\app\modules\usuario\services\pagamento.service.ts
FN:11,(anonymous_0)
FN:13,(anonymous_1)
FNF:2
FNH:2
FNDA:9,(anonymous_0)
FNDA:1,(anonymous_1)
DA:9,1
DA:11,9
DA:14,1
LF:3
LH:3
BRF:0
BRH:0
end_of_record
TN:
SF:C:\Users\w.santos\Desktop\Prova\picpay-desafio-frontend\src\app\modules\usuario\services\usuario.service.ts
FN:9,(anonymous_0)
FN:11,(anonymous_1)
FNF:2
FNH:2
FNDA:9,(anonymous_0)
FNDA:2,(anonymous_1)
DA:7,1
DA:9,9
DA:12,2
LF:3
LH:3
BRF:0
BRH:0
end_of_record
TN:
SF:C:\Users\w.santos\Desktop\Prova\picpay-desafio-frontend\src\app\modules\usuario\services\mocks\cartoes.mock.ts
FNF:0
FNH:0
DA:3,1
LF:1
LH:1
BRF:0
BRH:0
end_of_record
TN:
SF:C:\Users\w.santos\Desktop\Prova\picpay-desafio-frontend\src\app\shared\Directives\autofocus.directive.ts
FN:9,(anonymous_0)
FN:11,(anonymous_1)
FNF:2
FNH:0
FNDA:0,(anonymous_0)
FNDA:0,(anonymous_1)
DA:7,1
DA:9,0
DA:12,0
LF:3
LH:1
BRF:0
BRH:0
end_of_record
