TN:
SF:D:\Github\picpay-desafio-frontend\src\polyfills.ts
FNF:0
FNH:0
LF:0
LH:0
BRF:0
BRH:0
end_of_record
TN:
SF:D:\Github\picpay-desafio-frontend\src\test.ts
FNF:0
FNH:0
DA:13,1
DA:18,1
DA:20,1
LF:3
LH:3
BRF:0
BRH:0
end_of_record
TN:
SF:D:\Github\picpay-desafio-frontend\src\app\app.component.ts
FNF:0
FNH:0
DA:8,1
LF:1
LH:1
BRF:0
BRH:0
end_of_record
TN:
SF:D:\Github\picpay-desafio-frontend\src\app\core\entities\card-entity.ts
FNF:0
FNH:0
LF:0
LH:0
BRF:0
BRH:0
end_of_record
TN:
SF:D:\Github\picpay-desafio-frontend\src\app\core\entities\domain-entity.ts
FNF:0
FNH:0
LF:0
LH:0
BRF:0
BRH:0
end_of_record
TN:
SF:D:\Github\picpay-desafio-frontend\src\app\core\entities\transaction-payload-entity.ts
FNF:0
FNH:0
LF:0
LH:0
BRF:0
BRH:0
end_of_record
TN:
SF:D:\Github\picpay-desafio-frontend\src\app\core\entities\transaction-response-entity.ts
FNF:0
FNH:0
LF:0
LH:0
BRF:0
BRH:0
end_of_record
TN:
SF:D:\Github\picpay-desafio-frontend\src\app\core\entities\user-entity.ts
FNF:0
FNH:0
LF:0
LH:0
BRF:0
BRH:0
end_of_record
TN:
SF:D:\Github\picpay-desafio-frontend\src\app\core\interface\index.ts
FNF:0
FNH:0
LF:0
LH:0
BRF:0
BRH:0
end_of_record
TN:
SF:D:\Github\picpay-desafio-frontend\src\app\core\interface\repositories\itransaction-repository.ts
FNF:0
FNH:0
LF:0
LH:0
BRF:0
BRH:0
end_of_record
TN:
SF:D:\Github\picpay-desafio-frontend\src\app\core\interface\repositories\iusers-repository.ts
FNF:0
FNH:0
LF:0
LH:0
BRF:0
BRH:0
end_of_record
TN:
SF:D:\Github\picpay-desafio-frontend\src\app\core\interface\usecases\itransaction-usecase.ts
FNF:0
FNH:0
LF:0
LH:0
BRF:0
BRH:0
end_of_record
TN:
SF:D:\Github\picpay-desafio-frontend\src\app\core\interface\usecases\iusers-usecase.ts
FNF:0
FNH:0
LF:0
LH:0
BRF:0
BRH:0
end_of_record
TN:
SF:D:\Github\picpay-desafio-frontend\src\app\core\usecases\transaction-usecase.service.ts
FN:13,(anonymous_0)
FN:17,(anonymous_1)
FN:21,(anonymous_2)
FN:28,(anonymous_3)
FN:36,(anonymous_4)
FNF:5
FNH:5
FNDA:7,(anonymous_0)
FNDA:2,(anonymous_1)
FNDA:1,(anonymous_2)
FNDA:2,(anonymous_3)
FNDA:2,(anonymous_4)
DA:11,1
DA:14,7
DA:18,2
DA:19,1
DA:21,1
DA:24,1
DA:29,2
DA:30,1
DA:33,1
DA:37,2
DA:38,1
DA:41,1
LF:12
LH:12
BRDA:18,0,0,1
BRDA:18,0,1,1
BRDA:29,1,0,1
BRDA:29,1,1,1
BRDA:29,2,0,2
BRDA:29,2,1,2
BRDA:37,3,0,1
BRDA:37,3,1,1
BRF:8
BRH:8
end_of_record
TN:
SF:D:\Github\picpay-desafio-frontend\src\app\core\usecases\users-usecase.service.ts
FN:11,(anonymous_0)
FN:15,(anonymous_1)
FNF:2
FNH:2
FNDA:2,(anonymous_0)
FNDA:1,(anonymous_1)
DA:9,1
DA:12,2
DA:16,1
LF:3
LH:3
BRF:0
BRH:0
end_of_record
TN:
SF:D:\Github\picpay-desafio-frontend\src\app\data\repositories\transaction-repository.service.ts
FN:14,(anonymous_0)
FN:17,(anonymous_1)
FNF:2
FNH:2
FNDA:2,(anonymous_0)
FNDA:1,(anonymous_1)
DA:12,1
DA:15,2
DA:18,1
LF:3
LH:3
BRF:0
BRH:0
end_of_record
TN:
SF:D:\Github\picpay-desafio-frontend\src\app\data\repositories\users-repository.service.ts
FN:13,(anonymous_0)
FN:16,(anonymous_1)
FNF:2
FNH:2
FNDA:2,(anonymous_0)
FNDA:1,(anonymous_1)
DA:11,1
DA:14,2
DA:17,1
LF:3
LH:3
BRF:0
BRH:0
end_of_record
TN:
SF:D:\Github\picpay-desafio-frontend\src\app\presentation\features\users\users.component.ts
FN:18,(anonymous_0)
FN:23,(anonymous_1)
FN:27,(anonymous_2)
FN:31,(anonymous_3)
FN:33,(anonymous_4)
FN:36,(anonymous_5)
FNF:6
FNH:6
FNDA:2,(anonymous_0)
FNDA:2,(anonymous_1)
FNDA:2,(anonymous_2)
FNDA:2,(anonymous_3)
FNDA:2,(anonymous_4)
FNDA:1,(anonymous_5)
DA:13,1
DA:16,2
DA:19,2
DA:20,2
DA:24,2
DA:28,2
DA:31,2
DA:33,2
DA:37,1
LF:9
LH:9
BRF:0
BRH:0
end_of_record
TN:
SF:D:\Github\picpay-desafio-frontend\src\app\presentation\shared\components\index.ts
FNF:0
FNH:0
LF:0
LH:0
BRF:0
BRH:0
end_of_record
TN:
SF:D:\Github\picpay-desafio-frontend\src\app\presentation\shared\components\button\button-primary.directive.ts
FN:28,(anonymous_0)
FN:14,(anonymous_1)
FN:17,(anonymous_2)
FN:34,(anonymous_3)
FN:38,(anonymous_4)
FN:44,(anonymous_5)
FN:57,(anonymous_6)
FN:63,(anonymous_7)
FNF:8
FNH:8
FNDA:12,(anonymous_0)
FNDA:38,(anonymous_1)
FNDA:4,(anonymous_2)
FNDA:12,(anonymous_3)
FNDA:2,(anonymous_4)
FNDA:12,(anonymous_5)
FNDA:2,(anonymous_6)
FNDA:2,(anonymous_7)
DA:8,1
DA:10,12
DA:14,1
DA:15,38
DA:18,4
DA:20,4
DA:21,2
DA:23,2
DA:29,12
DA:30,12
DA:31,12
DA:35,12
DA:38,1
DA:39,2
DA:40,1
DA:45,12
DA:46,12
DA:48,12
DA:50,12
DA:52,12
DA:54,12
DA:58,2
DA:60,2
DA:64,2
DA:66,2
LF:25
LH:25
BRDA:20,0,0,2
BRDA:20,0,1,2
BRDA:39,1,0,1
BRDA:39,1,1,1
BRF:4
BRH:4
end_of_record
TN:
SF:D:\Github\picpay-desafio-frontend\src\app\presentation\shared\components\button\button.module.ts
FNF:0
FNH:0
DA:16,1
LF:1
LH:1
BRF:0
BRH:0
end_of_record
TN:
SF:D:\Github\picpay-desafio-frontend\src\app\presentation\shared\components\dialog\dialog-data.ts
FNF:0
FNH:0
LF:0
LH:0
BRF:0
BRH:0
end_of_record
TN:
SF:D:\Github\picpay-desafio-frontend\src\app\presentation\shared\components\dialog\dialog.component.ts
FN:14,(anonymous_0)
FN:21,(anonymous_1)
FN:25,(anonymous_2)
FN:34,(anonymous_3)
FN:44,(anonymous_4)
FNF:5
FNH:4
FNDA:5,(anonymous_0)
FNDA:3,(anonymous_1)
FNDA:4,(anonymous_2)
FNDA:0,(anonymous_3)
FNDA:1,(anonymous_4)
DA:10,1
DA:12,5
DA:15,5
DA:16,5
DA:17,5
DA:18,5
DA:22,3
DA:26,4
DA:27,1
DA:29,1
DA:30,1
DA:35,0
DA:37,0
DA:39,0
DA:41,0
DA:45,1
LF:16
LH:12
BRDA:26,0,0,1
BRDA:26,0,1,3
BRDA:26,1,0,4
BRDA:26,1,1,4
BRF:4
BRH:4
end_of_record
TN:
SF:D:\Github\picpay-desafio-frontend\src\app\presentation\shared\components\dialog\dialog.module.ts
FNF:0
FNH:0
DA:22,1
LF:1
LH:1
BRF:0
BRH:0
end_of_record
TN:
SF:D:\Github\picpay-desafio-frontend\src\app\presentation\shared\components\dialog\dialog.service.ts
FN:15,(anonymous_0)
FN:19,(anonymous_1)
FN:29,(anonymous_2)
FNF:3
FNH:3
FNDA:3,(anonymous_0)
FNDA:1,(anonymous_1)
FNDA:1,(anonymous_2)
DA:10,1
DA:13,3
DA:16,3
DA:20,1
DA:22,1
DA:23,1
DA:24,1
DA:26,1
DA:30,1
DA:32,1
DA:33,1
DA:34,1
DA:35,1
DA:36,1
DA:37,1
DA:39,1
LF:16
LH:16
BRF:0
BRH:0
end_of_record
TN:
SF:D:\Github\picpay-desafio-frontend\src\app\presentation\shared\components\dialog\dialog-content\dialog-content.component.ts
FN:12,(anonymous_0)
FN:14,(anonymous_1)
FNF:2
FNH:2
FNDA:10,(anonymous_0)
FNDA:10,(anonymous_1)
DA:8,1
DA:10,10
LF:2
LH:2
BRF:0
BRH:0
end_of_record
TN:
SF:D:\Github\picpay-desafio-frontend\src\app\presentation\shared\components\payment\payment.component.ts
FN:35,(anonymous_0)
FN:44,(anonymous_1)
FN:48,(anonymous_2)
FN:59,(anonymous_3)
FN:65,(anonymous_4)
FN:74,(anonymous_5)
FN:77,(anonymous_6)
FN:78,(anonymous_7)
FN:82,(anonymous_8)
FN:94,(anonymous_9)
FNF:10
FNH:10
FNDA:9,(anonymous_0)
FNDA:9,(anonymous_1)
FNDA:13,(anonymous_2)
FNDA:1,(anonymous_3)
FNDA:4,(anonymous_4)
FNDA:3,(anonymous_5)
FNDA:2,(anonymous_6)
FNDA:1,(anonymous_7)
FNDA:2,(anonymous_8)
FNDA:1,(anonymous_9)
DA:17,1
DA:22,9
DA:36,9
DA:37,9
DA:38,9
DA:39,9
DA:41,9
DA:45,9
DA:49,13
DA:60,1
DA:61,1
DA:62,1
DA:66,4
DA:68,4
DA:69,3
DA:71,3
DA:74,3
DA:77,2
DA:78,1
DA:83,2
DA:85,2
DA:86,1
DA:88,1
DA:91,2
DA:96,1
LF:25
LH:25
BRDA:68,0,0,3
BRDA:68,0,1,1
BRDA:85,1,0,1
BRDA:85,1,1,1
BRF:4
BRH:4
end_of_record
TN:
SF:D:\Github\picpay-desafio-frontend\src\app\presentation\shared\components\payment\payment.module.ts
FNF:0
FNH:0
DA:18,1
DA:49,1
LF:2
LH:2
BRF:0
BRH:0
end_of_record
TN:
SF:D:\Github\picpay-desafio-frontend\src\app\presentation\shared\components\user\user.component.ts
FN:17,(anonymous_0)
FN:19,(anonymous_1)
FNF:2
FNH:2
FNDA:7,(anonymous_0)
FNDA:7,(anonymous_1)
DA:8,1
DA:10,7
DA:12,1
DA:13,7
DA:15,7
DA:20,7
LF:6
LH:6
BRF:0
BRH:0
end_of_record
TN:
SF:D:\Github\picpay-desafio-frontend\src\app\presentation\shared\components\user\user.module.ts
FNF:0
FNH:0
DA:36,1
LF:1
LH:1
BRF:0
BRH:0
end_of_record
TN:
SF:D:\Github\picpay-desafio-frontend\src\app\presentation\shared\components\user\user-action\user-action.component.ts
FN:12,(anonymous_0)
FN:14,(anonymous_1)
FNF:2
FNH:2
FNDA:7,(anonymous_0)
FNDA:7,(anonymous_1)
DA:8,1
DA:10,7
LF:2
LH:2
BRF:0
BRH:0
end_of_record
TN:
SF:D:\Github\picpay-desafio-frontend\src\app\presentation\shared\components\user\user-avatar\user-avatar.component.ts
FN:14,(anonymous_0)
FN:16,(anonymous_1)
FNF:2
FNH:2
FNDA:7,(anonymous_0)
FNDA:7,(anonymous_1)
DA:8,1
DA:10,7
DA:12,1
LF:3
LH:3
BRF:0
BRH:0
end_of_record
TN:
SF:D:\Github\picpay-desafio-frontend\src\app\presentation\shared\components\user\user-subtitle\user-subtitle.component.ts
FN:12,(anonymous_0)
FN:14,(anonymous_1)
FNF:2
FNH:2
FNDA:7,(anonymous_0)
FNDA:7,(anonymous_1)
DA:8,1
DA:10,7
LF:2
LH:2
BRF:0
BRH:0
end_of_record
TN:
SF:D:\Github\picpay-desafio-frontend\src\app\presentation\shared\components\user\user-title\user-title.component.ts
FN:12,(anonymous_0)
FN:14,(anonymous_1)
FNF:2
FNH:2
FNDA:7,(anonymous_0)
FNDA:7,(anonymous_1)
DA:8,1
DA:10,7
LF:2
LH:2
BRF:0
BRH:0
end_of_record
TN:
SF:D:\Github\picpay-desafio-frontend\src\app\presentation\shared\components\validator-field-message\validator-field-message.component.ts
FN:19,(anonymous_0)
FN:21,(anonymous_1)
FN:27,(anonymous_2)
FN:29,(anonymous_3)
FN:32,(anonymous_4)
FN:12,(anonymous_5)
FNF:6
FNH:6
FNDA:20,(anonymous_0)
FNDA:40,(anonymous_1)
FNDA:1,(anonymous_2)
FNDA:1,(anonymous_3)
FNDA:1,(anonymous_4)
FNDA:1,(anonymous_5)
DA:9,1
DA:11,1
DA:12,1
DA:15,1
DA:17,20
DA:22,40
DA:28,1
DA:29,1
DA:33,1
LF:9
LH:9
BRDA:22,0,0,40
BRDA:22,0,1,40
BRDA:22,0,2,40
BRDA:22,0,3,40
BRF:4
BRH:4
end_of_record
TN:
SF:D:\Github\picpay-desafio-frontend\src\app\presentation\shared\components\validator-field-message\validator-field-message.module.ts
FNF:0
FNH:0
DA:16,1
LF:1
LH:1
BRF:0
BRH:0
end_of_record
TN:
SF:D:\Github\picpay-desafio-frontend\src\environments\environment.ts
FNF:0
FNH:0
DA:5,1
LF:1
LH:1
BRF:0
BRH:0
end_of_record
